<?xml version="1.0" encoding="UTF-8"?>
<!-- Generated by org.testng.reporters.JUnitXMLReporter -->
<testsuite hostname="wangpengzhideMacBook-Pro.local" ignored="0" name="allTestsInAPackage" tests="4" failures="0" timestamp="31 五月 2023 04:43:53 GMT" time="1.014" errors="0">
  <testcase name="contextLoads" time="0.01" classname="org.example.AppTest"/>
  <testcase name="getRequirementListTest001" time="0.95" classname="org.example.AppTest"/>
  <testcase name="loginTest001" time="0.019" classname="org.example.AppTest"/>
  <testcase name="loginTest002" time="0.01" classname="org.example.AppTest"/>
</testsuite> <!-- allTestsInAPackage -->
