<?xml version="1.0" encoding="UTF-8"?>
<testng-results skipped="0" failed="0" ignored="0" total="4" passed="4">
  <reporter-output>
  </reporter-output>
  <suite name="autotest" duration-ms="1014" started-at="2023-05-31T04:43:52Z" finished-at="2023-05-31T04:43:53Z">
    <groups>
    </groups>
    <test name="allTestsInAPackage" duration-ms="1014" started-at="2023-05-31T04:43:52Z" finished-at="2023-05-31T04:43:53Z">
      <class name="org.example.AppTest">
        <test-method status="PASS" signature="contextLoads()[pri:0, instance:org.example.AppTest@7a5d012c]" name="contextLoads" duration-ms="10" started-at="2023-05-31T04:43:52Z" finished-at="2023-05-31T04:43:52Z">
          <reporter-output>
          </reporter-output>
        </test-method> <!-- contextLoads -->
        <test-method status="PASS" signature="getRequirementListTest001()[pri:0, instance:org.example.AppTest@7a5d012c]" name="getRequirementListTest001" duration-ms="950" started-at="2023-05-31T04:43:52Z" finished-at="2023-05-31T04:43:53Z">
          <reporter-output>
          </reporter-output>
        </test-method> <!-- getRequirementListTest001 -->
        <test-method status="PASS" signature="loginTest001()[pri:0, instance:org.example.AppTest@7a5d012c]" name="loginTest001" duration-ms="19" started-at="2023-05-31T04:43:53Z" description="用户名或密码错误" finished-at="2023-05-31T04:43:53Z">
          <reporter-output>
          </reporter-output>
        </test-method> <!-- loginTest001 -->
        <test-method status="PASS" signature="loginTest002()[pri:0, instance:org.example.AppTest@7a5d012c]" name="loginTest002" duration-ms="10" started-at="2023-05-31T04:43:53Z" description="登录成功" finished-at="2023-05-31T04:43:53Z">
          <reporter-output>
          </reporter-output>
        </test-method> <!-- loginTest002 -->
      </class> <!-- org.example.AppTest -->
    </test> <!-- allTestsInAPackage -->
  </suite> <!-- autotest -->
</testng-results>
